This is pdfTeX, Version 3.14159265-2.6-1.40.16 (TeX Live 2015/Arch Linux) (preloaded format=pdflatex 2015.11.18)  11 DEC 2015 16:36
entering extended mode
 \write18 enabled.
 file:line:error style messages enabled.
 %&-line parsing enabled.
**skript_2.tex
(./skript_2.tex
LaTeX2e <2015/10/01> patch level 2
Babel <3.9m> and hyphenation patterns for 79 languages loaded.
./skript_2.tex:1: Undefined control sequence.
l.1 \subsection
               *{Anwendungen und Rechenmethoden} 
Here is how much of TeX's memory you used:
 5 strings out of 493054
 146 string characters out of 6140585
 53374 words of memory out of 5000000
 3628 multiletter control sequences out of 15000+600000
 3640 words of font info for 14 fonts, out of 8000000 for 9000
 1141 hyphenation exceptions out of 8191
 5i,0n,1p,59b,8s stack positions out of 5000i,500n,10000p,200000b,80000s

./skript_2.tex:1:  ==> Fatal error occurred, no output PDF file produced!
